


ARM Macro Assembler    Page 1 


    1 00000000         ;/**
    2 00000000         ; ******************************************************
                       ************************
    3 00000000         ;  @file  startup_hc32f4a0.s
    4 00000000         ;  @brief Startup for MDK.
    5 00000000         ; verbatim
    6 00000000         ;  Change Logs:
    7 00000000         ;  Date             Author          Notes
    8 00000000         ;  2022-03-31       CDT             First version
    9 00000000         ;  2024-11-08       CDT             Added code of clear 
                       SRAMC status flags
   10 00000000         ; endverbatim
   11 00000000         ; ******************************************************
                       ***********************
   12 00000000         ; * Copyright (C) 2022-2025, Xiaohua Semiconductor Co., 
                       Ltd. All rights reserved.
   13 00000000         ; *
   14 00000000         ; * This software component is licensed by XHSC under BS
                       D 3-Clause license
   15 00000000         ; * (the "License"); You may not use this file except in
                        compliance with the
   16 00000000         ; * License. You may obtain a copy of the License at:
   17 00000000         ; *                    opensource.org/licenses/BSD-3-Cla
                       use
   18 00000000         ; *
   19 00000000         ; ******************************************************
                       ************************
   20 00000000         ; */
   21 00000000         
   22 00000000         ; Stack Configuration
   23 00000000         ; Stack Size (in Bytes) <0x0-0xFFFFFFFF:8>
   24 00000000         
   25 00000000 00002000 
                       Stack_Size
                               EQU              0x00002000
   26 00000000         
   27 00000000                 AREA             STACK, NOINIT, READWRITE, ALIGN
=3
   28 00000000         Stack_Mem
                               SPACE            Stack_Size
   29 00002000         __initial_sp
   30 00002000         
   31 00002000         
   32 00002000         ; Heap Configuration
   33 00002000         ;  Heap Size (in Bytes) <0x0-0xFFFFFFFF:8>
   34 00002000         
   35 00002000 00002000 
                       Heap_Size
                               EQU              0x00002000
   36 00002000         
   37 00002000                 AREA             HEAP, NOINIT, READWRITE, ALIGN=
3
   38 00000000         __heap_base
   39 00000000         Heap_Mem
                               SPACE            Heap_Size
   40 00002000         __heap_limit
   41 00002000         
   42 00002000                 PRESERVE8
   43 00002000                 THUMB



ARM Macro Assembler    Page 2 


   44 00002000         
   45 00002000         ; Vector Table Mapped to Address 0 at Reset
   46 00002000         
   47 00002000                 AREA             RESET, DATA, READONLY
   48 00000000                 EXPORT           __Vectors
   49 00000000                 EXPORT           __Vectors_End
   50 00000000                 EXPORT           __Vectors_Size
   51 00000000         
   52 00000000 00000000 
                       __Vectors
                               DCD              __initial_sp ; Top of Stack
   53 00000004 00000000        DCD              Reset_Handler ; Reset Handler
   54 00000008 00000000        DCD              NMI_Handler ; NMI Handler
   55 0000000C 00000000        DCD              HardFault_Handler ; Hard Fault 
                                                            Handler
   56 00000010 00000000        DCD              MemManage_Handler 
                                                            ; MPU Fault Handler
                                                            
   57 00000014 00000000        DCD              BusFault_Handler 
                                                            ; Bus Fault Handler
                                                            
   58 00000018 00000000        DCD              UsageFault_Handler ; Usage Faul
                                                            t Handler
   59 0000001C 00000000        DCD              0           ; Reserved
   60 00000020 00000000        DCD              0           ; Reserved
   61 00000024 00000000        DCD              0           ; Reserved
   62 00000028 00000000        DCD              0           ; Reserved
   63 0000002C 00000000        DCD              SVC_Handler ; SVCall Handler
   64 00000030 00000000        DCD              DebugMon_Handler ; Debug Monito
                                                            r Handler
   65 00000034 00000000        DCD              0           ; Reserved
   66 00000038 00000000        DCD              PendSV_Handler ; PendSV Handler
                                                            
   67 0000003C 00000000        DCD              SysTick_Handler 
                                                            ; SysTick Handler
   68 00000040         
   69 00000040         ; Peripheral Interrupts
   70 00000040 00000000        DCD              IRQ000_Handler
   71 00000044 00000000        DCD              IRQ001_Handler
   72 00000048 00000000        DCD              IRQ002_Handler
   73 0000004C 00000000        DCD              IRQ003_Handler
   74 00000050 00000000        DCD              IRQ004_Handler
   75 00000054 00000000        DCD              IRQ005_Handler
   76 00000058 00000000        DCD              IRQ006_Handler
   77 0000005C 00000000        DCD              IRQ007_Handler
   78 00000060 00000000        DCD              IRQ008_Handler
   79 00000064 00000000        DCD              IRQ009_Handler
   80 00000068 00000000        DCD              IRQ010_Handler
   81 0000006C 00000000        DCD              IRQ011_Handler
   82 00000070 00000000        DCD              IRQ012_Handler
   83 00000074 00000000        DCD              IRQ013_Handler
   84 00000078 00000000        DCD              IRQ014_Handler
   85 0000007C 00000000        DCD              IRQ015_Handler
   86 00000080 00000000        DCD              IRQ016_Handler
   87 00000084 00000000        DCD              IRQ017_Handler
   88 00000088 00000000        DCD              IRQ018_Handler
   89 0000008C 00000000        DCD              IRQ019_Handler
   90 00000090 00000000        DCD              IRQ020_Handler
   91 00000094 00000000        DCD              IRQ021_Handler



ARM Macro Assembler    Page 3 


   92 00000098 00000000        DCD              IRQ022_Handler
   93 0000009C 00000000        DCD              IRQ023_Handler
   94 000000A0 00000000        DCD              IRQ024_Handler
   95 000000A4 00000000        DCD              IRQ025_Handler
   96 000000A8 00000000        DCD              IRQ026_Handler
   97 000000AC 00000000        DCD              IRQ027_Handler
   98 000000B0 00000000        DCD              IRQ028_Handler
   99 000000B4 00000000        DCD              IRQ029_Handler
  100 000000B8 00000000        DCD              IRQ030_Handler
  101 000000BC 00000000        DCD              IRQ031_Handler
  102 000000C0 00000000        DCD              IRQ032_Handler
  103 000000C4 00000000        DCD              IRQ033_Handler
  104 000000C8 00000000        DCD              IRQ034_Handler
  105 000000CC 00000000        DCD              IRQ035_Handler
  106 000000D0 00000000        DCD              IRQ036_Handler
  107 000000D4 00000000        DCD              IRQ037_Handler
  108 000000D8 00000000        DCD              IRQ038_Handler
  109 000000DC 00000000        DCD              IRQ039_Handler
  110 000000E0 00000000        DCD              IRQ040_Handler
  111 000000E4 00000000        DCD              IRQ041_Handler
  112 000000E8 00000000        DCD              IRQ042_Handler
  113 000000EC 00000000        DCD              IRQ043_Handler
  114 000000F0 00000000        DCD              IRQ044_Handler
  115 000000F4 00000000        DCD              IRQ045_Handler
  116 000000F8 00000000        DCD              IRQ046_Handler
  117 000000FC 00000000        DCD              IRQ047_Handler
  118 00000100 00000000        DCD              IRQ048_Handler
  119 00000104 00000000        DCD              IRQ049_Handler
  120 00000108 00000000        DCD              IRQ050_Handler
  121 0000010C 00000000        DCD              IRQ051_Handler
  122 00000110 00000000        DCD              IRQ052_Handler
  123 00000114 00000000        DCD              IRQ053_Handler
  124 00000118 00000000        DCD              IRQ054_Handler
  125 0000011C 00000000        DCD              IRQ055_Handler
  126 00000120 00000000        DCD              IRQ056_Handler
  127 00000124 00000000        DCD              IRQ057_Handler
  128 00000128 00000000        DCD              IRQ058_Handler
  129 0000012C 00000000        DCD              IRQ059_Handler
  130 00000130 00000000        DCD              IRQ060_Handler
  131 00000134 00000000        DCD              IRQ061_Handler
  132 00000138 00000000        DCD              IRQ062_Handler
  133 0000013C 00000000        DCD              IRQ063_Handler
  134 00000140 00000000        DCD              IRQ064_Handler
  135 00000144 00000000        DCD              IRQ065_Handler
  136 00000148 00000000        DCD              IRQ066_Handler
  137 0000014C 00000000        DCD              IRQ067_Handler
  138 00000150 00000000        DCD              IRQ068_Handler
  139 00000154 00000000        DCD              IRQ069_Handler
  140 00000158 00000000        DCD              IRQ070_Handler
  141 0000015C 00000000        DCD              IRQ071_Handler
  142 00000160 00000000        DCD              IRQ072_Handler
  143 00000164 00000000        DCD              IRQ073_Handler
  144 00000168 00000000        DCD              IRQ074_Handler
  145 0000016C 00000000        DCD              IRQ075_Handler
  146 00000170 00000000        DCD              IRQ076_Handler
  147 00000174 00000000        DCD              IRQ077_Handler
  148 00000178 00000000        DCD              IRQ078_Handler
  149 0000017C 00000000        DCD              IRQ079_Handler
  150 00000180 00000000        DCD              IRQ080_Handler



ARM Macro Assembler    Page 4 


  151 00000184 00000000        DCD              IRQ081_Handler
  152 00000188 00000000        DCD              IRQ082_Handler
  153 0000018C 00000000        DCD              IRQ083_Handler
  154 00000190 00000000        DCD              IRQ084_Handler
  155 00000194 00000000        DCD              IRQ085_Handler
  156 00000198 00000000        DCD              IRQ086_Handler
  157 0000019C 00000000        DCD              IRQ087_Handler
  158 000001A0 00000000        DCD              IRQ088_Handler
  159 000001A4 00000000        DCD              IRQ089_Handler
  160 000001A8 00000000        DCD              IRQ090_Handler
  161 000001AC 00000000        DCD              IRQ091_Handler
  162 000001B0 00000000        DCD              IRQ092_Handler
  163 000001B4 00000000        DCD              IRQ093_Handler
  164 000001B8 00000000        DCD              IRQ094_Handler
  165 000001BC 00000000        DCD              IRQ095_Handler
  166 000001C0 00000000        DCD              IRQ096_Handler
  167 000001C4 00000000        DCD              IRQ097_Handler
  168 000001C8 00000000        DCD              IRQ098_Handler
  169 000001CC 00000000        DCD              IRQ099_Handler
  170 000001D0 00000000        DCD              IRQ100_Handler
  171 000001D4 00000000        DCD              IRQ101_Handler
  172 000001D8 00000000        DCD              IRQ102_Handler
  173 000001DC 00000000        DCD              IRQ103_Handler
  174 000001E0 00000000        DCD              IRQ104_Handler
  175 000001E4 00000000        DCD              IRQ105_Handler
  176 000001E8 00000000        DCD              IRQ106_Handler
  177 000001EC 00000000        DCD              IRQ107_Handler
  178 000001F0 00000000        DCD              IRQ108_Handler
  179 000001F4 00000000        DCD              IRQ109_Handler
  180 000001F8 00000000        DCD              IRQ110_Handler
  181 000001FC 00000000        DCD              IRQ111_Handler
  182 00000200 00000000        DCD              IRQ112_Handler
  183 00000204 00000000        DCD              IRQ113_Handler
  184 00000208 00000000        DCD              IRQ114_Handler
  185 0000020C 00000000        DCD              IRQ115_Handler
  186 00000210 00000000        DCD              IRQ116_Handler
  187 00000214 00000000        DCD              IRQ117_Handler
  188 00000218 00000000        DCD              IRQ118_Handler
  189 0000021C 00000000        DCD              IRQ119_Handler
  190 00000220 00000000        DCD              IRQ120_Handler
  191 00000224 00000000        DCD              IRQ121_Handler
  192 00000228 00000000        DCD              IRQ122_Handler
  193 0000022C 00000000        DCD              IRQ123_Handler
  194 00000230 00000000        DCD              IRQ124_Handler
  195 00000234 00000000        DCD              IRQ125_Handler
  196 00000238 00000000        DCD              IRQ126_Handler
  197 0000023C 00000000        DCD              IRQ127_Handler
  198 00000240 00000000        DCD              IRQ128_Handler
  199 00000244 00000000        DCD              IRQ129_Handler
  200 00000248 00000000        DCD              IRQ130_Handler
  201 0000024C 00000000        DCD              IRQ131_Handler
  202 00000250 00000000        DCD              IRQ132_Handler
  203 00000254 00000000        DCD              IRQ133_Handler
  204 00000258 00000000        DCD              IRQ134_Handler
  205 0000025C 00000000        DCD              IRQ135_Handler
  206 00000260 00000000        DCD              IRQ136_Handler
  207 00000264 00000000        DCD              IRQ137_Handler
  208 00000268 00000000        DCD              IRQ138_Handler
  209 0000026C 00000000        DCD              IRQ139_Handler



ARM Macro Assembler    Page 5 


  210 00000270 00000000        DCD              IRQ140_Handler
  211 00000274 00000000        DCD              IRQ141_Handler
  212 00000278 00000000        DCD              IRQ142_Handler
  213 0000027C 00000000        DCD              IRQ143_Handler
  214 00000280         
  215 00000280         __Vectors_End
  216 00000280         
  217 00000280 00000280 
                       __Vectors_Size
                               EQU              __Vectors_End - __Vectors
  218 00000280         
  219 00000280                 AREA             |.text|, CODE, READONLY
  220 00000000         
  221 00000000         ; Reset Handler
  222 00000000         
  223 00000000         Reset_Handler
                               PROC
  224 00000000                 EXPORT           Reset_Handler             [WEAK
]
  225 00000000                 IMPORT           SystemInit
  226 00000000                 IMPORT           __main
  227 00000000         ;ClrSramSR
  228 00000000 4808            LDR              R0, =0x40050810
  229 00000002 F240 11FF       LDR              R1, =0x1FF
  230 00000006 6001            STR              R1, [R0]
  231 00000008         
  232 00000008 4807            LDR              R0, =SystemInit
  233 0000000A 4780            BLX              R0
  234 0000000C 4807            LDR              R0, =__main
  235 0000000E 4700            BX               R0
  236 00000010                 ENDP
  237 00000010         
  238 00000010         ; Dummy Exception Handlers (infinite loops which can be 
                       modified)
  239 00000010         
  240 00000010         NMI_Handler
                               PROC
  241 00000010                 EXPORT           NMI_Handler               [WEAK
]
  242 00000010 E7FE            B                .
  243 00000012                 ENDP
  245 00000012         HardFault_Handler
                               PROC
  246 00000012                 EXPORT           HardFault_Handler         [WEAK
]
  247 00000012 E7FE            B                .
  248 00000014                 ENDP
  250 00000014         MemManage_Handler
                               PROC
  251 00000014                 EXPORT           MemManage_Handler         [WEAK
]
  252 00000014 E7FE            B                .
  253 00000016                 ENDP
  255 00000016         BusFault_Handler
                               PROC
  256 00000016                 EXPORT           BusFault_Handler          [WEAK
]
  257 00000016 E7FE            B                .
  258 00000018                 ENDP



ARM Macro Assembler    Page 6 


  260 00000018         UsageFault_Handler
                               PROC
  261 00000018                 EXPORT           UsageFault_Handler        [WEAK
]
  262 00000018 E7FE            B                .
  263 0000001A                 ENDP
  264 0000001A         SVC_Handler
                               PROC
  265 0000001A                 EXPORT           SVC_Handler               [WEAK
]
  266 0000001A E7FE            B                .
  267 0000001C                 ENDP
  269 0000001C         DebugMon_Handler
                               PROC
  270 0000001C                 EXPORT           DebugMon_Handler          [WEAK
]
  271 0000001C E7FE            B                .
  272 0000001E                 ENDP
  274 0000001E         PendSV_Handler
                               PROC
  275 0000001E                 EXPORT           PendSV_Handler            [WEAK
]
  276 0000001E E7FE            B                .
  277 00000020                 ENDP
  279 00000020         SysTick_Handler
                               PROC
  280 00000020                 EXPORT           SysTick_Handler           [WEAK
]
  281 00000020 E7FE            B                .
  282 00000022                 ENDP
  283 00000022         
  284 00000022         Default_Handler
                               PROC
  285 00000022                 EXPORT           IRQ000_Handler            [WEAK
]
  286 00000022                 EXPORT           IRQ001_Handler            [WEAK
]
  287 00000022                 EXPORT           IRQ002_Handler            [WEAK
]
  288 00000022                 EXPORT           IRQ003_Handler            [WEAK
]
  289 00000022                 EXPORT           IRQ004_Handler            [WEAK
]
  290 00000022                 EXPORT           IRQ005_Handler            [WEAK
]
  291 00000022                 EXPORT           IRQ006_Handler            [WEAK
]
  292 00000022                 EXPORT           IRQ007_Handler            [WEAK
]
  293 00000022                 EXPORT           IRQ008_Handler            [WEAK
]
  294 00000022                 EXPORT           IRQ009_Handler            [WEAK
]
  295 00000022                 EXPORT           IRQ010_Handler            [WEAK
]
  296 00000022                 EXPORT           IRQ011_Handler            [WEAK
]
  297 00000022                 EXPORT           IRQ012_Handler            [WEAK
]



ARM Macro Assembler    Page 7 


  298 00000022                 EXPORT           IRQ013_Handler            [WEAK
]
  299 00000022                 EXPORT           IRQ014_Handler            [WEAK
]
  300 00000022                 EXPORT           IRQ015_Handler            [WEAK
]
  301 00000022                 EXPORT           IRQ016_Handler            [WEAK
]
  302 00000022                 EXPORT           IRQ017_Handler            [WEAK
]
  303 00000022                 EXPORT           IRQ018_Handler            [WEAK
]
  304 00000022                 EXPORT           IRQ019_Handler            [WEAK
]
  305 00000022                 EXPORT           IRQ020_Handler            [WEAK
]
  306 00000022                 EXPORT           IRQ021_Handler            [WEAK
]
  307 00000022                 EXPORT           IRQ022_Handler            [WEAK
]
  308 00000022                 EXPORT           IRQ023_Handler            [WEAK
]
  309 00000022                 EXPORT           IRQ024_Handler            [WEAK
]
  310 00000022                 EXPORT           IRQ025_Handler            [WEAK
]
  311 00000022                 EXPORT           IRQ026_Handler            [WEAK
]
  312 00000022                 EXPORT           IRQ027_Handler            [WEAK
]
  313 00000022                 EXPORT           IRQ028_Handler            [WEAK
]
  314 00000022                 EXPORT           IRQ029_Handler            [WEAK
]
  315 00000022                 EXPORT           IRQ030_Handler            [WEAK
]
  316 00000022                 EXPORT           IRQ031_Handler            [WEAK
]
  317 00000022                 EXPORT           IRQ032_Handler            [WEAK
]
  318 00000022                 EXPORT           IRQ033_Handler            [WEAK
]
  319 00000022                 EXPORT           IRQ034_Handler            [WEAK
]
  320 00000022                 EXPORT           IRQ035_Handler            [WEAK
]
  321 00000022                 EXPORT           IRQ036_Handler            [WEAK
]
  322 00000022                 EXPORT           IRQ037_Handler            [WEAK
]
  323 00000022                 EXPORT           IRQ038_Handler            [WEAK
]
  324 00000022                 EXPORT           IRQ039_Handler            [WEAK
]
  325 00000022                 EXPORT           IRQ040_Handler            [WEAK
]
  326 00000022                 EXPORT           IRQ041_Handler            [WEAK
]
  327 00000022                 EXPORT           IRQ042_Handler            [WEAK



ARM Macro Assembler    Page 8 


]
  328 00000022                 EXPORT           IRQ043_Handler            [WEAK
]
  329 00000022                 EXPORT           IRQ044_Handler            [WEAK
]
  330 00000022                 EXPORT           IRQ045_Handler            [WEAK
]
  331 00000022                 EXPORT           IRQ046_Handler            [WEAK
]
  332 00000022                 EXPORT           IRQ047_Handler            [WEAK
]
  333 00000022                 EXPORT           IRQ048_Handler            [WEAK
]
  334 00000022                 EXPORT           IRQ049_Handler            [WEAK
]
  335 00000022                 EXPORT           IRQ050_Handler            [WEAK
]
  336 00000022                 EXPORT           IRQ051_Handler            [WEAK
]
  337 00000022                 EXPORT           IRQ052_Handler            [WEAK
]
  338 00000022                 EXPORT           IRQ053_Handler            [WEAK
]
  339 00000022                 EXPORT           IRQ054_Handler            [WEAK
]
  340 00000022                 EXPORT           IRQ055_Handler            [WEAK
]
  341 00000022                 EXPORT           IRQ056_Handler            [WEAK
]
  342 00000022                 EXPORT           IRQ057_Handler            [WEAK
]
  343 00000022                 EXPORT           IRQ058_Handler            [WEAK
]
  344 00000022                 EXPORT           IRQ059_Handler            [WEAK
]
  345 00000022                 EXPORT           IRQ060_Handler            [WEAK
]
  346 00000022                 EXPORT           IRQ061_Handler            [WEAK
]
  347 00000022                 EXPORT           IRQ062_Handler            [WEAK
]
  348 00000022                 EXPORT           IRQ063_Handler            [WEAK
]
  349 00000022                 EXPORT           IRQ064_Handler            [WEAK
]
  350 00000022                 EXPORT           IRQ065_Handler            [WEAK
]
  351 00000022                 EXPORT           IRQ066_Handler            [WEAK
]
  352 00000022                 EXPORT           IRQ067_Handler            [WEAK
]
  353 00000022                 EXPORT           IRQ068_Handler            [WEAK
]
  354 00000022                 EXPORT           IRQ069_Handler            [WEAK
]
  355 00000022                 EXPORT           IRQ070_Handler            [WEAK
]
  356 00000022                 EXPORT           IRQ071_Handler            [WEAK
]



ARM Macro Assembler    Page 9 


  357 00000022                 EXPORT           IRQ072_Handler            [WEAK
]
  358 00000022                 EXPORT           IRQ073_Handler            [WEAK
]
  359 00000022                 EXPORT           IRQ074_Handler            [WEAK
]
  360 00000022                 EXPORT           IRQ075_Handler            [WEAK
]
  361 00000022                 EXPORT           IRQ076_Handler            [WEAK
]
  362 00000022                 EXPORT           IRQ077_Handler            [WEAK
]
  363 00000022                 EXPORT           IRQ078_Handler            [WEAK
]
  364 00000022                 EXPORT           IRQ079_Handler            [WEAK
]
  365 00000022                 EXPORT           IRQ080_Handler            [WEAK
]
  366 00000022                 EXPORT           IRQ081_Handler            [WEAK
]
  367 00000022                 EXPORT           IRQ082_Handler            [WEAK
]
  368 00000022                 EXPORT           IRQ083_Handler            [WEAK
]
  369 00000022                 EXPORT           IRQ084_Handler            [WEAK
]
  370 00000022                 EXPORT           IRQ085_Handler            [WEAK
]
  371 00000022                 EXPORT           IRQ086_Handler            [WEAK
]
  372 00000022                 EXPORT           IRQ087_Handler            [WEAK
]
  373 00000022                 EXPORT           IRQ088_Handler            [WEAK
]
  374 00000022                 EXPORT           IRQ089_Handler            [WEAK
]
  375 00000022                 EXPORT           IRQ090_Handler            [WEAK
]
  376 00000022                 EXPORT           IRQ091_Handler            [WEAK
]
  377 00000022                 EXPORT           IRQ092_Handler            [WEAK
]
  378 00000022                 EXPORT           IRQ093_Handler            [WEAK
]
  379 00000022                 EXPORT           IRQ094_Handler            [WEAK
]
  380 00000022                 EXPORT           IRQ095_Handler            [WEAK
]
  381 00000022                 EXPORT           IRQ096_Handler            [WEAK
]
  382 00000022                 EXPORT           IRQ097_Handler            [WEAK
]
  383 00000022                 EXPORT           IRQ098_Handler            [WEAK
]
  384 00000022                 EXPORT           IRQ099_Handler            [WEAK
]
  385 00000022                 EXPORT           IRQ100_Handler            [WEAK
]
  386 00000022                 EXPORT           IRQ101_Handler            [WEAK



ARM Macro Assembler    Page 10 


]
  387 00000022                 EXPORT           IRQ102_Handler            [WEAK
]
  388 00000022                 EXPORT           IRQ103_Handler            [WEAK
]
  389 00000022                 EXPORT           IRQ104_Handler            [WEAK
]
  390 00000022                 EXPORT           IRQ105_Handler            [WEAK
]
  391 00000022                 EXPORT           IRQ106_Handler            [WEAK
]
  392 00000022                 EXPORT           IRQ107_Handler            [WEAK
]
  393 00000022                 EXPORT           IRQ108_Handler            [WEAK
]
  394 00000022                 EXPORT           IRQ109_Handler            [WEAK
]
  395 00000022                 EXPORT           IRQ110_Handler            [WEAK
]
  396 00000022                 EXPORT           IRQ111_Handler            [WEAK
]
  397 00000022                 EXPORT           IRQ112_Handler            [WEAK
]
  398 00000022                 EXPORT           IRQ113_Handler            [WEAK
]
  399 00000022                 EXPORT           IRQ114_Handler            [WEAK
]
  400 00000022                 EXPORT           IRQ115_Handler            [WEAK
]
  401 00000022                 EXPORT           IRQ116_Handler            [WEAK
]
  402 00000022                 EXPORT           IRQ117_Handler            [WEAK
]
  403 00000022                 EXPORT           IRQ118_Handler            [WEAK
]
  404 00000022                 EXPORT           IRQ119_Handler            [WEAK
]
  405 00000022                 EXPORT           IRQ120_Handler            [WEAK
]
  406 00000022                 EXPORT           IRQ121_Handler            [WEAK
]
  407 00000022                 EXPORT           IRQ122_Handler            [WEAK
]
  408 00000022                 EXPORT           IRQ123_Handler            [WEAK
]
  409 00000022                 EXPORT           IRQ124_Handler            [WEAK
]
  410 00000022                 EXPORT           IRQ125_Handler            [WEAK
]
  411 00000022                 EXPORT           IRQ126_Handler            [WEAK
]
  412 00000022                 EXPORT           IRQ127_Handler            [WEAK
]
  413 00000022                 EXPORT           IRQ128_Handler            [WEAK
]
  414 00000022                 EXPORT           IRQ129_Handler            [WEAK
]
  415 00000022                 EXPORT           IRQ130_Handler            [WEAK
]



ARM Macro Assembler    Page 11 


  416 00000022                 EXPORT           IRQ131_Handler            [WEAK
]
  417 00000022                 EXPORT           IRQ132_Handler            [WEAK
]
  418 00000022                 EXPORT           IRQ133_Handler            [WEAK
]
  419 00000022                 EXPORT           IRQ134_Handler            [WEAK
]
  420 00000022                 EXPORT           IRQ135_Handler            [WEAK
]
  421 00000022                 EXPORT           IRQ136_Handler            [WEAK
]
  422 00000022                 EXPORT           IRQ137_Handler            [WEAK
]
  423 00000022                 EXPORT           IRQ138_Handler            [WEAK
]
  424 00000022                 EXPORT           IRQ139_Handler            [WEAK
]
  425 00000022                 EXPORT           IRQ140_Handler            [WEAK
]
  426 00000022                 EXPORT           IRQ141_Handler            [WEAK
]
  427 00000022                 EXPORT           IRQ142_Handler            [WEAK
]
  428 00000022                 EXPORT           IRQ143_Handler            [WEAK
]
  429 00000022         
  430 00000022         IRQ000_Handler
  431 00000022         IRQ001_Handler
  432 00000022         IRQ002_Handler
  433 00000022         IRQ003_Handler
  434 00000022         IRQ004_Handler
  435 00000022         IRQ005_Handler
  436 00000022         IRQ006_Handler
  437 00000022         IRQ007_Handler
  438 00000022         IRQ008_Handler
  439 00000022         IRQ009_Handler
  440 00000022         IRQ010_Handler
  441 00000022         IRQ011_Handler
  442 00000022         IRQ012_Handler
  443 00000022         IRQ013_Handler
  444 00000022         IRQ014_Handler
  445 00000022         IRQ015_Handler
  446 00000022         IRQ016_Handler
  447 00000022         IRQ017_Handler
  448 00000022         IRQ018_Handler
  449 00000022         IRQ019_Handler
  450 00000022         IRQ020_Handler
  451 00000022         IRQ021_Handler
  452 00000022         IRQ022_Handler
  453 00000022         IRQ023_Handler
  454 00000022         IRQ024_Handler
  455 00000022         IRQ025_Handler
  456 00000022         IRQ026_Handler
  457 00000022         IRQ027_Handler
  458 00000022         IRQ028_Handler
  459 00000022         IRQ029_Handler
  460 00000022         IRQ030_Handler
  461 00000022         IRQ031_Handler



ARM Macro Assembler    Page 12 


  462 00000022         IRQ032_Handler
  463 00000022         IRQ033_Handler
  464 00000022         IRQ034_Handler
  465 00000022         IRQ035_Handler
  466 00000022         IRQ036_Handler
  467 00000022         IRQ037_Handler
  468 00000022         IRQ038_Handler
  469 00000022         IRQ039_Handler
  470 00000022         IRQ040_Handler
  471 00000022         IRQ041_Handler
  472 00000022         IRQ042_Handler
  473 00000022         IRQ043_Handler
  474 00000022         IRQ044_Handler
  475 00000022         IRQ045_Handler
  476 00000022         IRQ046_Handler
  477 00000022         IRQ047_Handler
  478 00000022         IRQ048_Handler
  479 00000022         IRQ049_Handler
  480 00000022         IRQ050_Handler
  481 00000022         IRQ051_Handler
  482 00000022         IRQ052_Handler
  483 00000022         IRQ053_Handler
  484 00000022         IRQ054_Handler
  485 00000022         IRQ055_Handler
  486 00000022         IRQ056_Handler
  487 00000022         IRQ057_Handler
  488 00000022         IRQ058_Handler
  489 00000022         IRQ059_Handler
  490 00000022         IRQ060_Handler
  491 00000022         IRQ061_Handler
  492 00000022         IRQ062_Handler
  493 00000022         IRQ063_Handler
  494 00000022         IRQ064_Handler
  495 00000022         IRQ065_Handler
  496 00000022         IRQ066_Handler
  497 00000022         IRQ067_Handler
  498 00000022         IRQ068_Handler
  499 00000022         IRQ069_Handler
  500 00000022         IRQ070_Handler
  501 00000022         IRQ071_Handler
  502 00000022         IRQ072_Handler
  503 00000022         IRQ073_Handler
  504 00000022         IRQ074_Handler
  505 00000022         IRQ075_Handler
  506 00000022         IRQ076_Handler
  507 00000022         IRQ077_Handler
  508 00000022         IRQ078_Handler
  509 00000022         IRQ079_Handler
  510 00000022         IRQ080_Handler
  511 00000022         IRQ081_Handler
  512 00000022         IRQ082_Handler
  513 00000022         IRQ083_Handler
  514 00000022         IRQ084_Handler
  515 00000022         IRQ085_Handler
  516 00000022         IRQ086_Handler
  517 00000022         IRQ087_Handler
  518 00000022         IRQ088_Handler
  519 00000022         IRQ089_Handler
  520 00000022         IRQ090_Handler



ARM Macro Assembler    Page 13 


  521 00000022         IRQ091_Handler
  522 00000022         IRQ092_Handler
  523 00000022         IRQ093_Handler
  524 00000022         IRQ094_Handler
  525 00000022         IRQ095_Handler
  526 00000022         IRQ096_Handler
  527 00000022         IRQ097_Handler
  528 00000022         IRQ098_Handler
  529 00000022         IRQ099_Handler
  530 00000022         IRQ100_Handler
  531 00000022         IRQ101_Handler
  532 00000022         IRQ102_Handler
  533 00000022         IRQ103_Handler
  534 00000022         IRQ104_Handler
  535 00000022         IRQ105_Handler
  536 00000022         IRQ106_Handler
  537 00000022         IRQ107_Handler
  538 00000022         IRQ108_Handler
  539 00000022         IRQ109_Handler
  540 00000022         IRQ110_Handler
  541 00000022         IRQ111_Handler
  542 00000022         IRQ112_Handler
  543 00000022         IRQ113_Handler
  544 00000022         IRQ114_Handler
  545 00000022         IRQ115_Handler
  546 00000022         IRQ116_Handler
  547 00000022         IRQ117_Handler
  548 00000022         IRQ118_Handler
  549 00000022         IRQ119_Handler
  550 00000022         IRQ120_Handler
  551 00000022         IRQ121_Handler
  552 00000022         IRQ122_Handler
  553 00000022         IRQ123_Handler
  554 00000022         IRQ124_Handler
  555 00000022         IRQ125_Handler
  556 00000022         IRQ126_Handler
  557 00000022         IRQ127_Handler
  558 00000022         IRQ128_Handler
  559 00000022         IRQ129_Handler
  560 00000022         IRQ130_Handler
  561 00000022         IRQ131_Handler
  562 00000022         IRQ132_Handler
  563 00000022         IRQ133_Handler
  564 00000022         IRQ134_Handler
  565 00000022         IRQ135_Handler
  566 00000022         IRQ136_Handler
  567 00000022         IRQ137_Handler
  568 00000022         IRQ138_Handler
  569 00000022         IRQ139_Handler
  570 00000022         IRQ140_Handler
  571 00000022         IRQ141_Handler
  572 00000022         IRQ142_Handler
  573 00000022         IRQ143_Handler
  574 00000022 E7FE            B                .
  575 00000024                 ENDP
  576 00000024         
  577 00000024                 ALIGN
  578 00000024         
  579 00000024         



ARM Macro Assembler    Page 14 


  580 00000024         ; User Initial Stack & Heap
  581 00000024         
  582 00000024                 IF               :DEF:__MICROLIB
  583 00000024         
  584 00000024                 EXPORT           __initial_sp
  585 00000024                 EXPORT           __heap_base
  586 00000024                 EXPORT           __heap_limit
  587 00000024         
  588 00000024                 ELSE
  602                          ENDIF
  603 00000024         
  604 00000024         
  605 00000024                 END
              40050810 
              00000000 
              00000000 
Command Line: --debug --xref --diag_suppress=9931 --cpu=Cortex-M4 --apcs=interw
ork --depend=.\output\debug\startup_hc32f4a0.d -o.\output\debug\startup_hc32f4a
0.o -I.\RTE\_gpio_output_Debug -IC:\Keil_v5\ARM\PACK\HDSC\HC32F4A0\1.0.9\Device
\Include -IC:\Keil_v5\ARM\CMSIS\Include --predefine="__MICROLIB SETA 1" --prede
fine="__UVISION_VERSION SETA 526" --list=.\output\debug\startup_hc32f4a0.lst st
artup_hc32f4a0.s



ARM Macro Assembler    Page 1 Alphabetic symbol ordering
Relocatable symbols

STACK 00000000

Symbol: STACK
   Definitions
      At line 27 in file startup_hc32f4a0.s
   Uses
      None
Comment: STACK unused
Stack_Mem 00000000

Symbol: Stack_Mem
   Definitions
      At line 28 in file startup_hc32f4a0.s
   Uses
      None
Comment: Stack_Mem unused
__initial_sp 00002000

Symbol: __initial_sp
   Definitions
      At line 29 in file startup_hc32f4a0.s
   Uses
      At line 52 in file startup_hc32f4a0.s
      At line 584 in file startup_hc32f4a0.s

3 symbols



ARM Macro Assembler    Page 1 Alphabetic symbol ordering
Relocatable symbols

HEAP 00000000

Symbol: HEAP
   Definitions
      At line 37 in file startup_hc32f4a0.s
   Uses
      None
Comment: HEAP unused
Heap_Mem 00000000

Symbol: Heap_Mem
   Definitions
      At line 39 in file startup_hc32f4a0.s
   Uses
      None
Comment: Heap_Mem unused
__heap_base 00000000

Symbol: __heap_base
   Definitions
      At line 38 in file startup_hc32f4a0.s
   Uses
      At line 585 in file startup_hc32f4a0.s
Comment: __heap_base used once
__heap_limit 00002000

Symbol: __heap_limit
   Definitions
      At line 40 in file startup_hc32f4a0.s
   Uses
      At line 586 in file startup_hc32f4a0.s
Comment: __heap_limit used once
4 symbols



ARM Macro Assembler    Page 1 Alphabetic symbol ordering
Relocatable symbols

RESET 00000000

Symbol: RESET
   Definitions
      At line 47 in file startup_hc32f4a0.s
   Uses
      None
Comment: RESET unused
__Vectors 00000000

Symbol: __Vectors
   Definitions
      At line 52 in file startup_hc32f4a0.s
   Uses
      At line 48 in file startup_hc32f4a0.s
      At line 217 in file startup_hc32f4a0.s

__Vectors_End 00000280

Symbol: __Vectors_End
   Definitions
      At line 215 in file startup_hc32f4a0.s
   Uses
      At line 49 in file startup_hc32f4a0.s
      At line 217 in file startup_hc32f4a0.s

3 symbols



ARM Macro Assembler    Page 1 Alphabetic symbol ordering
Relocatable symbols

.text 00000000

Symbol: .text
   Definitions
      At line 219 in file startup_hc32f4a0.s
   Uses
      None
Comment: .text unused
BusFault_Handler 00000016

Symbol: BusFault_Handler
   Definitions
      At line 255 in file startup_hc32f4a0.s
   Uses
      At line 57 in file startup_hc32f4a0.s
      At line 256 in file startup_hc32f4a0.s

DebugMon_Handler 0000001C

Symbol: DebugMon_Handler
   Definitions
      At line 269 in file startup_hc32f4a0.s
   Uses
      At line 64 in file startup_hc32f4a0.s
      At line 270 in file startup_hc32f4a0.s

Default_Handler 00000022

Symbol: Default_Handler
   Definitions
      At line 284 in file startup_hc32f4a0.s
   Uses
      None
Comment: Default_Handler unused
HardFault_Handler 00000012

Symbol: HardFault_Handler
   Definitions
      At line 245 in file startup_hc32f4a0.s
   Uses
      At line 55 in file startup_hc32f4a0.s
      At line 246 in file startup_hc32f4a0.s

IRQ000_Handler 00000022

Symbol: IRQ000_Handler
   Definitions
      At line 430 in file startup_hc32f4a0.s
   Uses
      At line 70 in file startup_hc32f4a0.s
      At line 285 in file startup_hc32f4a0.s

IRQ001_Handler 00000022

Symbol: IRQ001_Handler
   Definitions
      At line 431 in file startup_hc32f4a0.s
   Uses
      At line 71 in file startup_hc32f4a0.s



ARM Macro Assembler    Page 2 Alphabetic symbol ordering
Relocatable symbols

      At line 286 in file startup_hc32f4a0.s

IRQ002_Handler 00000022

Symbol: IRQ002_Handler
   Definitions
      At line 432 in file startup_hc32f4a0.s
   Uses
      At line 72 in file startup_hc32f4a0.s
      At line 287 in file startup_hc32f4a0.s

IRQ003_Handler 00000022

Symbol: IRQ003_Handler
   Definitions
      At line 433 in file startup_hc32f4a0.s
   Uses
      At line 73 in file startup_hc32f4a0.s
      At line 288 in file startup_hc32f4a0.s

IRQ004_Handler 00000022

Symbol: IRQ004_Handler
   Definitions
      At line 434 in file startup_hc32f4a0.s
   Uses
      At line 74 in file startup_hc32f4a0.s
      At line 289 in file startup_hc32f4a0.s

IRQ005_Handler 00000022

Symbol: IRQ005_Handler
   Definitions
      At line 435 in file startup_hc32f4a0.s
   Uses
      At line 75 in file startup_hc32f4a0.s
      At line 290 in file startup_hc32f4a0.s

IRQ006_Handler 00000022

Symbol: IRQ006_Handler
   Definitions
      At line 436 in file startup_hc32f4a0.s
   Uses
      At line 76 in file startup_hc32f4a0.s
      At line 291 in file startup_hc32f4a0.s

IRQ007_Handler 00000022

Symbol: IRQ007_Handler
   Definitions
      At line 437 in file startup_hc32f4a0.s
   Uses
      At line 77 in file startup_hc32f4a0.s
      At line 292 in file startup_hc32f4a0.s

IRQ008_Handler 00000022

Symbol: IRQ008_Handler



ARM Macro Assembler    Page 3 Alphabetic symbol ordering
Relocatable symbols

   Definitions
      At line 438 in file startup_hc32f4a0.s
   Uses
      At line 78 in file startup_hc32f4a0.s
      At line 293 in file startup_hc32f4a0.s

IRQ009_Handler 00000022

Symbol: IRQ009_Handler
   Definitions
      At line 439 in file startup_hc32f4a0.s
   Uses
      At line 79 in file startup_hc32f4a0.s
      At line 294 in file startup_hc32f4a0.s

IRQ010_Handler 00000022

Symbol: IRQ010_Handler
   Definitions
      At line 440 in file startup_hc32f4a0.s
   Uses
      At line 80 in file startup_hc32f4a0.s
      At line 295 in file startup_hc32f4a0.s

IRQ011_Handler 00000022

Symbol: IRQ011_Handler
   Definitions
      At line 441 in file startup_hc32f4a0.s
   Uses
      At line 81 in file startup_hc32f4a0.s
      At line 296 in file startup_hc32f4a0.s

IRQ012_Handler 00000022

Symbol: IRQ012_Handler
   Definitions
      At line 442 in file startup_hc32f4a0.s
   Uses
      At line 82 in file startup_hc32f4a0.s
      At line 297 in file startup_hc32f4a0.s

IRQ013_Handler 00000022

Symbol: IRQ013_Handler
   Definitions
      At line 443 in file startup_hc32f4a0.s
   Uses
      At line 83 in file startup_hc32f4a0.s
      At line 298 in file startup_hc32f4a0.s

IRQ014_Handler 00000022

Symbol: IRQ014_Handler
   Definitions
      At line 444 in file startup_hc32f4a0.s
   Uses
      At line 84 in file startup_hc32f4a0.s
      At line 299 in file startup_hc32f4a0.s



ARM Macro Assembler    Page 4 Alphabetic symbol ordering
Relocatable symbols


IRQ015_Handler 00000022

Symbol: IRQ015_Handler
   Definitions
      At line 445 in file startup_hc32f4a0.s
   Uses
      At line 85 in file startup_hc32f4a0.s
      At line 300 in file startup_hc32f4a0.s

IRQ016_Handler 00000022

Symbol: IRQ016_Handler
   Definitions
      At line 446 in file startup_hc32f4a0.s
   Uses
      At line 86 in file startup_hc32f4a0.s
      At line 301 in file startup_hc32f4a0.s

IRQ017_Handler 00000022

Symbol: IRQ017_Handler
   Definitions
      At line 447 in file startup_hc32f4a0.s
   Uses
      At line 87 in file startup_hc32f4a0.s
      At line 302 in file startup_hc32f4a0.s

IRQ018_Handler 00000022

Symbol: IRQ018_Handler
   Definitions
      At line 448 in file startup_hc32f4a0.s
   Uses
      At line 88 in file startup_hc32f4a0.s
      At line 303 in file startup_hc32f4a0.s

IRQ019_Handler 00000022

Symbol: IRQ019_Handler
   Definitions
      At line 449 in file startup_hc32f4a0.s
   Uses
      At line 89 in file startup_hc32f4a0.s
      At line 304 in file startup_hc32f4a0.s

IRQ020_Handler 00000022

Symbol: IRQ020_Handler
   Definitions
      At line 450 in file startup_hc32f4a0.s
   Uses
      At line 90 in file startup_hc32f4a0.s
      At line 305 in file startup_hc32f4a0.s

IRQ021_Handler 00000022

Symbol: IRQ021_Handler
   Definitions



ARM Macro Assembler    Page 5 Alphabetic symbol ordering
Relocatable symbols

      At line 451 in file startup_hc32f4a0.s
   Uses
      At line 91 in file startup_hc32f4a0.s
      At line 306 in file startup_hc32f4a0.s

IRQ022_Handler 00000022

Symbol: IRQ022_Handler
   Definitions
      At line 452 in file startup_hc32f4a0.s
   Uses
      At line 92 in file startup_hc32f4a0.s
      At line 307 in file startup_hc32f4a0.s

IRQ023_Handler 00000022

Symbol: IRQ023_Handler
   Definitions
      At line 453 in file startup_hc32f4a0.s
   Uses
      At line 93 in file startup_hc32f4a0.s
      At line 308 in file startup_hc32f4a0.s

IRQ024_Handler 00000022

Symbol: IRQ024_Handler
   Definitions
      At line 454 in file startup_hc32f4a0.s
   Uses
      At line 94 in file startup_hc32f4a0.s
      At line 309 in file startup_hc32f4a0.s

IRQ025_Handler 00000022

Symbol: IRQ025_Handler
   Definitions
      At line 455 in file startup_hc32f4a0.s
   Uses
      At line 95 in file startup_hc32f4a0.s
      At line 310 in file startup_hc32f4a0.s

IRQ026_Handler 00000022

Symbol: IRQ026_Handler
   Definitions
      At line 456 in file startup_hc32f4a0.s
   Uses
      At line 96 in file startup_hc32f4a0.s
      At line 311 in file startup_hc32f4a0.s

IRQ027_Handler 00000022

Symbol: IRQ027_Handler
   Definitions
      At line 457 in file startup_hc32f4a0.s
   Uses
      At line 97 in file startup_hc32f4a0.s
      At line 312 in file startup_hc32f4a0.s




ARM Macro Assembler    Page 6 Alphabetic symbol ordering
Relocatable symbols

IRQ028_Handler 00000022

Symbol: IRQ028_Handler
   Definitions
      At line 458 in file startup_hc32f4a0.s
   Uses
      At line 98 in file startup_hc32f4a0.s
      At line 313 in file startup_hc32f4a0.s

IRQ029_Handler 00000022

Symbol: IRQ029_Handler
   Definitions
      At line 459 in file startup_hc32f4a0.s
   Uses
      At line 99 in file startup_hc32f4a0.s
      At line 314 in file startup_hc32f4a0.s

IRQ030_Handler 00000022

Symbol: IRQ030_Handler
   Definitions
      At line 460 in file startup_hc32f4a0.s
   Uses
      At line 100 in file startup_hc32f4a0.s
      At line 315 in file startup_hc32f4a0.s

IRQ031_Handler 00000022

Symbol: IRQ031_Handler
   Definitions
      At line 461 in file startup_hc32f4a0.s
   Uses
      At line 101 in file startup_hc32f4a0.s
      At line 316 in file startup_hc32f4a0.s

IRQ032_Handler 00000022

Symbol: IRQ032_Handler
   Definitions
      At line 462 in file startup_hc32f4a0.s
   Uses
      At line 102 in file startup_hc32f4a0.s
      At line 317 in file startup_hc32f4a0.s

IRQ033_Handler 00000022

Symbol: IRQ033_Handler
   Definitions
      At line 463 in file startup_hc32f4a0.s
   Uses
      At line 103 in file startup_hc32f4a0.s
      At line 318 in file startup_hc32f4a0.s

IRQ034_Handler 00000022

Symbol: IRQ034_Handler
   Definitions
      At line 464 in file startup_hc32f4a0.s



ARM Macro Assembler    Page 7 Alphabetic symbol ordering
Relocatable symbols

   Uses
      At line 104 in file startup_hc32f4a0.s
      At line 319 in file startup_hc32f4a0.s

IRQ035_Handler 00000022

Symbol: IRQ035_Handler
   Definitions
      At line 465 in file startup_hc32f4a0.s
   Uses
      At line 105 in file startup_hc32f4a0.s
      At line 320 in file startup_hc32f4a0.s

IRQ036_Handler 00000022

Symbol: IRQ036_Handler
   Definitions
      At line 466 in file startup_hc32f4a0.s
   Uses
      At line 106 in file startup_hc32f4a0.s
      At line 321 in file startup_hc32f4a0.s

IRQ037_Handler 00000022

Symbol: IRQ037_Handler
   Definitions
      At line 467 in file startup_hc32f4a0.s
   Uses
      At line 107 in file startup_hc32f4a0.s
      At line 322 in file startup_hc32f4a0.s

IRQ038_Handler 00000022

Symbol: IRQ038_Handler
   Definitions
      At line 468 in file startup_hc32f4a0.s
   Uses
      At line 108 in file startup_hc32f4a0.s
      At line 323 in file startup_hc32f4a0.s

IRQ039_Handler 00000022

Symbol: IRQ039_Handler
   Definitions
      At line 469 in file startup_hc32f4a0.s
   Uses
      At line 109 in file startup_hc32f4a0.s
      At line 324 in file startup_hc32f4a0.s

IRQ040_Handler 00000022

Symbol: IRQ040_Handler
   Definitions
      At line 470 in file startup_hc32f4a0.s
   Uses
      At line 110 in file startup_hc32f4a0.s
      At line 325 in file startup_hc32f4a0.s

IRQ041_Handler 00000022



ARM Macro Assembler    Page 8 Alphabetic symbol ordering
Relocatable symbols


Symbol: IRQ041_Handler
   Definitions
      At line 471 in file startup_hc32f4a0.s
   Uses
      At line 111 in file startup_hc32f4a0.s
      At line 326 in file startup_hc32f4a0.s

IRQ042_Handler 00000022

Symbol: IRQ042_Handler
   Definitions
      At line 472 in file startup_hc32f4a0.s
   Uses
      At line 112 in file startup_hc32f4a0.s
      At line 327 in file startup_hc32f4a0.s

IRQ043_Handler 00000022

Symbol: IRQ043_Handler
   Definitions
      At line 473 in file startup_hc32f4a0.s
   Uses
      At line 113 in file startup_hc32f4a0.s
      At line 328 in file startup_hc32f4a0.s

IRQ044_Handler 00000022

Symbol: IRQ044_Handler
   Definitions
      At line 474 in file startup_hc32f4a0.s
   Uses
      At line 114 in file startup_hc32f4a0.s
      At line 329 in file startup_hc32f4a0.s

IRQ045_Handler 00000022

Symbol: IRQ045_Handler
   Definitions
      At line 475 in file startup_hc32f4a0.s
   Uses
      At line 115 in file startup_hc32f4a0.s
      At line 330 in file startup_hc32f4a0.s

IRQ046_Handler 00000022

Symbol: IRQ046_Handler
   Definitions
      At line 476 in file startup_hc32f4a0.s
   Uses
      At line 116 in file startup_hc32f4a0.s
      At line 331 in file startup_hc32f4a0.s

IRQ047_Handler 00000022

Symbol: IRQ047_Handler
   Definitions
      At line 477 in file startup_hc32f4a0.s
   Uses



ARM Macro Assembler    Page 9 Alphabetic symbol ordering
Relocatable symbols

      At line 117 in file startup_hc32f4a0.s
      At line 332 in file startup_hc32f4a0.s

IRQ048_Handler 00000022

Symbol: IRQ048_Handler
   Definitions
      At line 478 in file startup_hc32f4a0.s
   Uses
      At line 118 in file startup_hc32f4a0.s
      At line 333 in file startup_hc32f4a0.s

IRQ049_Handler 00000022

Symbol: IRQ049_Handler
   Definitions
      At line 479 in file startup_hc32f4a0.s
   Uses
      At line 119 in file startup_hc32f4a0.s
      At line 334 in file startup_hc32f4a0.s

IRQ050_Handler 00000022

Symbol: IRQ050_Handler
   Definitions
      At line 480 in file startup_hc32f4a0.s
   Uses
      At line 120 in file startup_hc32f4a0.s
      At line 335 in file startup_hc32f4a0.s

IRQ051_Handler 00000022

Symbol: IRQ051_Handler
   Definitions
      At line 481 in file startup_hc32f4a0.s
   Uses
      At line 121 in file startup_hc32f4a0.s
      At line 336 in file startup_hc32f4a0.s

IRQ052_Handler 00000022

Symbol: IRQ052_Handler
   Definitions
      At line 482 in file startup_hc32f4a0.s
   Uses
      At line 122 in file startup_hc32f4a0.s
      At line 337 in file startup_hc32f4a0.s

IRQ053_Handler 00000022

Symbol: IRQ053_Handler
   Definitions
      At line 483 in file startup_hc32f4a0.s
   Uses
      At line 123 in file startup_hc32f4a0.s
      At line 338 in file startup_hc32f4a0.s

IRQ054_Handler 00000022




ARM Macro Assembler    Page 10 Alphabetic symbol ordering
Relocatable symbols

Symbol: IRQ054_Handler
   Definitions
      At line 484 in file startup_hc32f4a0.s
   Uses
      At line 124 in file startup_hc32f4a0.s
      At line 339 in file startup_hc32f4a0.s

IRQ055_Handler 00000022

Symbol: IRQ055_Handler
   Definitions
      At line 485 in file startup_hc32f4a0.s
   Uses
      At line 125 in file startup_hc32f4a0.s
      At line 340 in file startup_hc32f4a0.s

IRQ056_Handler 00000022

Symbol: IRQ056_Handler
   Definitions
      At line 486 in file startup_hc32f4a0.s
   Uses
      At line 126 in file startup_hc32f4a0.s
      At line 341 in file startup_hc32f4a0.s

IRQ057_Handler 00000022

Symbol: IRQ057_Handler
   Definitions
      At line 487 in file startup_hc32f4a0.s
   Uses
      At line 127 in file startup_hc32f4a0.s
      At line 342 in file startup_hc32f4a0.s

IRQ058_Handler 00000022

Symbol: IRQ058_Handler
   Definitions
      At line 488 in file startup_hc32f4a0.s
   Uses
      At line 128 in file startup_hc32f4a0.s
      At line 343 in file startup_hc32f4a0.s

IRQ059_Handler 00000022

Symbol: IRQ059_Handler
   Definitions
      At line 489 in file startup_hc32f4a0.s
   Uses
      At line 129 in file startup_hc32f4a0.s
      At line 344 in file startup_hc32f4a0.s

IRQ060_Handler 00000022

Symbol: IRQ060_Handler
   Definitions
      At line 490 in file startup_hc32f4a0.s
   Uses
      At line 130 in file startup_hc32f4a0.s



ARM Macro Assembler    Page 11 Alphabetic symbol ordering
Relocatable symbols

      At line 345 in file startup_hc32f4a0.s

IRQ061_Handler 00000022

Symbol: IRQ061_Handler
   Definitions
      At line 491 in file startup_hc32f4a0.s
   Uses
      At line 131 in file startup_hc32f4a0.s
      At line 346 in file startup_hc32f4a0.s

IRQ062_Handler 00000022

Symbol: IRQ062_Handler
   Definitions
      At line 492 in file startup_hc32f4a0.s
   Uses
      At line 132 in file startup_hc32f4a0.s
      At line 347 in file startup_hc32f4a0.s

IRQ063_Handler 00000022

Symbol: IRQ063_Handler
   Definitions
      At line 493 in file startup_hc32f4a0.s
   Uses
      At line 133 in file startup_hc32f4a0.s
      At line 348 in file startup_hc32f4a0.s

IRQ064_Handler 00000022

Symbol: IRQ064_Handler
   Definitions
      At line 494 in file startup_hc32f4a0.s
   Uses
      At line 134 in file startup_hc32f4a0.s
      At line 349 in file startup_hc32f4a0.s

IRQ065_Handler 00000022

Symbol: IRQ065_Handler
   Definitions
      At line 495 in file startup_hc32f4a0.s
   Uses
      At line 135 in file startup_hc32f4a0.s
      At line 350 in file startup_hc32f4a0.s

IRQ066_Handler 00000022

Symbol: IRQ066_Handler
   Definitions
      At line 496 in file startup_hc32f4a0.s
   Uses
      At line 136 in file startup_hc32f4a0.s
      At line 351 in file startup_hc32f4a0.s

IRQ067_Handler 00000022

Symbol: IRQ067_Handler



ARM Macro Assembler    Page 12 Alphabetic symbol ordering
Relocatable symbols

   Definitions
      At line 497 in file startup_hc32f4a0.s
   Uses
      At line 137 in file startup_hc32f4a0.s
      At line 352 in file startup_hc32f4a0.s

IRQ068_Handler 00000022

Symbol: IRQ068_Handler
   Definitions
      At line 498 in file startup_hc32f4a0.s
   Uses
      At line 138 in file startup_hc32f4a0.s
      At line 353 in file startup_hc32f4a0.s

IRQ069_Handler 00000022

Symbol: IRQ069_Handler
   Definitions
      At line 499 in file startup_hc32f4a0.s
   Uses
      At line 139 in file startup_hc32f4a0.s
      At line 354 in file startup_hc32f4a0.s

IRQ070_Handler 00000022

Symbol: IRQ070_Handler
   Definitions
      At line 500 in file startup_hc32f4a0.s
   Uses
      At line 140 in file startup_hc32f4a0.s
      At line 355 in file startup_hc32f4a0.s

IRQ071_Handler 00000022

Symbol: IRQ071_Handler
   Definitions
      At line 501 in file startup_hc32f4a0.s
   Uses
      At line 141 in file startup_hc32f4a0.s
      At line 356 in file startup_hc32f4a0.s

IRQ072_Handler 00000022

Symbol: IRQ072_Handler
   Definitions
      At line 502 in file startup_hc32f4a0.s
   Uses
      At line 142 in file startup_hc32f4a0.s
      At line 357 in file startup_hc32f4a0.s

IRQ073_Handler 00000022

Symbol: IRQ073_Handler
   Definitions
      At line 503 in file startup_hc32f4a0.s
   Uses
      At line 143 in file startup_hc32f4a0.s
      At line 358 in file startup_hc32f4a0.s



ARM Macro Assembler    Page 13 Alphabetic symbol ordering
Relocatable symbols


IRQ074_Handler 00000022

Symbol: IRQ074_Handler
   Definitions
      At line 504 in file startup_hc32f4a0.s
   Uses
      At line 144 in file startup_hc32f4a0.s
      At line 359 in file startup_hc32f4a0.s

IRQ075_Handler 00000022

Symbol: IRQ075_Handler
   Definitions
      At line 505 in file startup_hc32f4a0.s
   Uses
      At line 145 in file startup_hc32f4a0.s
      At line 360 in file startup_hc32f4a0.s

IRQ076_Handler 00000022

Symbol: IRQ076_Handler
   Definitions
      At line 506 in file startup_hc32f4a0.s
   Uses
      At line 146 in file startup_hc32f4a0.s
      At line 361 in file startup_hc32f4a0.s

IRQ077_Handler 00000022

Symbol: IRQ077_Handler
   Definitions
      At line 507 in file startup_hc32f4a0.s
   Uses
      At line 147 in file startup_hc32f4a0.s
      At line 362 in file startup_hc32f4a0.s

IRQ078_Handler 00000022

Symbol: IRQ078_Handler
   Definitions
      At line 508 in file startup_hc32f4a0.s
   Uses
      At line 148 in file startup_hc32f4a0.s
      At line 363 in file startup_hc32f4a0.s

IRQ079_Handler 00000022

Symbol: IRQ079_Handler
   Definitions
      At line 509 in file startup_hc32f4a0.s
   Uses
      At line 149 in file startup_hc32f4a0.s
      At line 364 in file startup_hc32f4a0.s

IRQ080_Handler 00000022

Symbol: IRQ080_Handler
   Definitions



ARM Macro Assembler    Page 14 Alphabetic symbol ordering
Relocatable symbols

      At line 510 in file startup_hc32f4a0.s
   Uses
      At line 150 in file startup_hc32f4a0.s
      At line 365 in file startup_hc32f4a0.s

IRQ081_Handler 00000022

Symbol: IRQ081_Handler
   Definitions
      At line 511 in file startup_hc32f4a0.s
   Uses
      At line 151 in file startup_hc32f4a0.s
      At line 366 in file startup_hc32f4a0.s

IRQ082_Handler 00000022

Symbol: IRQ082_Handler
   Definitions
      At line 512 in file startup_hc32f4a0.s
   Uses
      At line 152 in file startup_hc32f4a0.s
      At line 367 in file startup_hc32f4a0.s

IRQ083_Handler 00000022

Symbol: IRQ083_Handler
   Definitions
      At line 513 in file startup_hc32f4a0.s
   Uses
      At line 153 in file startup_hc32f4a0.s
      At line 368 in file startup_hc32f4a0.s

IRQ084_Handler 00000022

Symbol: IRQ084_Handler
   Definitions
      At line 514 in file startup_hc32f4a0.s
   Uses
      At line 154 in file startup_hc32f4a0.s
      At line 369 in file startup_hc32f4a0.s

IRQ085_Handler 00000022

Symbol: IRQ085_Handler
   Definitions
      At line 515 in file startup_hc32f4a0.s
   Uses
      At line 155 in file startup_hc32f4a0.s
      At line 370 in file startup_hc32f4a0.s

IRQ086_Handler 00000022

Symbol: IRQ086_Handler
   Definitions
      At line 516 in file startup_hc32f4a0.s
   Uses
      At line 156 in file startup_hc32f4a0.s
      At line 371 in file startup_hc32f4a0.s




ARM Macro Assembler    Page 15 Alphabetic symbol ordering
Relocatable symbols

IRQ087_Handler 00000022

Symbol: IRQ087_Handler
   Definitions
      At line 517 in file startup_hc32f4a0.s
   Uses
      At line 157 in file startup_hc32f4a0.s
      At line 372 in file startup_hc32f4a0.s

IRQ088_Handler 00000022

Symbol: IRQ088_Handler
   Definitions
      At line 518 in file startup_hc32f4a0.s
   Uses
      At line 158 in file startup_hc32f4a0.s
      At line 373 in file startup_hc32f4a0.s

IRQ089_Handler 00000022

Symbol: IRQ089_Handler
   Definitions
      At line 519 in file startup_hc32f4a0.s
   Uses
      At line 159 in file startup_hc32f4a0.s
      At line 374 in file startup_hc32f4a0.s

IRQ090_Handler 00000022

Symbol: IRQ090_Handler
   Definitions
      At line 520 in file startup_hc32f4a0.s
   Uses
      At line 160 in file startup_hc32f4a0.s
      At line 375 in file startup_hc32f4a0.s

IRQ091_Handler 00000022

Symbol: IRQ091_Handler
   Definitions
      At line 521 in file startup_hc32f4a0.s
   Uses
      At line 161 in file startup_hc32f4a0.s
      At line 376 in file startup_hc32f4a0.s

IRQ092_Handler 00000022

Symbol: IRQ092_Handler
   Definitions
      At line 522 in file startup_hc32f4a0.s
   Uses
      At line 162 in file startup_hc32f4a0.s
      At line 377 in file startup_hc32f4a0.s

IRQ093_Handler 00000022

Symbol: IRQ093_Handler
   Definitions
      At line 523 in file startup_hc32f4a0.s



ARM Macro Assembler    Page 16 Alphabetic symbol ordering
Relocatable symbols

   Uses
      At line 163 in file startup_hc32f4a0.s
      At line 378 in file startup_hc32f4a0.s

IRQ094_Handler 00000022

Symbol: IRQ094_Handler
   Definitions
      At line 524 in file startup_hc32f4a0.s
   Uses
      At line 164 in file startup_hc32f4a0.s
      At line 379 in file startup_hc32f4a0.s

IRQ095_Handler 00000022

Symbol: IRQ095_Handler
   Definitions
      At line 525 in file startup_hc32f4a0.s
   Uses
      At line 165 in file startup_hc32f4a0.s
      At line 380 in file startup_hc32f4a0.s

IRQ096_Handler 00000022

Symbol: IRQ096_Handler
   Definitions
      At line 526 in file startup_hc32f4a0.s
   Uses
      At line 166 in file startup_hc32f4a0.s
      At line 381 in file startup_hc32f4a0.s

IRQ097_Handler 00000022

Symbol: IRQ097_Handler
   Definitions
      At line 527 in file startup_hc32f4a0.s
   Uses
      At line 167 in file startup_hc32f4a0.s
      At line 382 in file startup_hc32f4a0.s

IRQ098_Handler 00000022

Symbol: IRQ098_Handler
   Definitions
      At line 528 in file startup_hc32f4a0.s
   Uses
      At line 168 in file startup_hc32f4a0.s
      At line 383 in file startup_hc32f4a0.s

IRQ099_Handler 00000022

Symbol: IRQ099_Handler
   Definitions
      At line 529 in file startup_hc32f4a0.s
   Uses
      At line 169 in file startup_hc32f4a0.s
      At line 384 in file startup_hc32f4a0.s

IRQ100_Handler 00000022



ARM Macro Assembler    Page 17 Alphabetic symbol ordering
Relocatable symbols


Symbol: IRQ100_Handler
   Definitions
      At line 530 in file startup_hc32f4a0.s
   Uses
      At line 170 in file startup_hc32f4a0.s
      At line 385 in file startup_hc32f4a0.s

IRQ101_Handler 00000022

Symbol: IRQ101_Handler
   Definitions
      At line 531 in file startup_hc32f4a0.s
   Uses
      At line 171 in file startup_hc32f4a0.s
      At line 386 in file startup_hc32f4a0.s

IRQ102_Handler 00000022

Symbol: IRQ102_Handler
   Definitions
      At line 532 in file startup_hc32f4a0.s
   Uses
      At line 172 in file startup_hc32f4a0.s
      At line 387 in file startup_hc32f4a0.s

IRQ103_Handler 00000022

Symbol: IRQ103_Handler
   Definitions
      At line 533 in file startup_hc32f4a0.s
   Uses
      At line 173 in file startup_hc32f4a0.s
      At line 388 in file startup_hc32f4a0.s

IRQ104_Handler 00000022

Symbol: IRQ104_Handler
   Definitions
      At line 534 in file startup_hc32f4a0.s
   Uses
      At line 174 in file startup_hc32f4a0.s
      At line 389 in file startup_hc32f4a0.s

IRQ105_Handler 00000022

Symbol: IRQ105_Handler
   Definitions
      At line 535 in file startup_hc32f4a0.s
   Uses
      At line 175 in file startup_hc32f4a0.s
      At line 390 in file startup_hc32f4a0.s

IRQ106_Handler 00000022

Symbol: IRQ106_Handler
   Definitions
      At line 536 in file startup_hc32f4a0.s
   Uses



ARM Macro Assembler    Page 18 Alphabetic symbol ordering
Relocatable symbols

      At line 176 in file startup_hc32f4a0.s
      At line 391 in file startup_hc32f4a0.s

IRQ107_Handler 00000022

Symbol: IRQ107_Handler
   Definitions
      At line 537 in file startup_hc32f4a0.s
   Uses
      At line 177 in file startup_hc32f4a0.s
      At line 392 in file startup_hc32f4a0.s

IRQ108_Handler 00000022

Symbol: IRQ108_Handler
   Definitions
      At line 538 in file startup_hc32f4a0.s
   Uses
      At line 178 in file startup_hc32f4a0.s
      At line 393 in file startup_hc32f4a0.s

IRQ109_Handler 00000022

Symbol: IRQ109_Handler
   Definitions
      At line 539 in file startup_hc32f4a0.s
   Uses
      At line 179 in file startup_hc32f4a0.s
      At line 394 in file startup_hc32f4a0.s

IRQ110_Handler 00000022

Symbol: IRQ110_Handler
   Definitions
      At line 540 in file startup_hc32f4a0.s
   Uses
      At line 180 in file startup_hc32f4a0.s
      At line 395 in file startup_hc32f4a0.s

IRQ111_Handler 00000022

Symbol: IRQ111_Handler
   Definitions
      At line 541 in file startup_hc32f4a0.s
   Uses
      At line 181 in file startup_hc32f4a0.s
      At line 396 in file startup_hc32f4a0.s

IRQ112_Handler 00000022

Symbol: IRQ112_Handler
   Definitions
      At line 542 in file startup_hc32f4a0.s
   Uses
      At line 182 in file startup_hc32f4a0.s
      At line 397 in file startup_hc32f4a0.s

IRQ113_Handler 00000022




ARM Macro Assembler    Page 19 Alphabetic symbol ordering
Relocatable symbols

Symbol: IRQ113_Handler
   Definitions
      At line 543 in file startup_hc32f4a0.s
   Uses
      At line 183 in file startup_hc32f4a0.s
      At line 398 in file startup_hc32f4a0.s

IRQ114_Handler 00000022

Symbol: IRQ114_Handler
   Definitions
      At line 544 in file startup_hc32f4a0.s
   Uses
      At line 184 in file startup_hc32f4a0.s
      At line 399 in file startup_hc32f4a0.s

IRQ115_Handler 00000022

Symbol: IRQ115_Handler
   Definitions
      At line 545 in file startup_hc32f4a0.s
   Uses
      At line 185 in file startup_hc32f4a0.s
      At line 400 in file startup_hc32f4a0.s

IRQ116_Handler 00000022

Symbol: IRQ116_Handler
   Definitions
      At line 546 in file startup_hc32f4a0.s
   Uses
      At line 186 in file startup_hc32f4a0.s
      At line 401 in file startup_hc32f4a0.s

IRQ117_Handler 00000022

Symbol: IRQ117_Handler
   Definitions
      At line 547 in file startup_hc32f4a0.s
   Uses
      At line 187 in file startup_hc32f4a0.s
      At line 402 in file startup_hc32f4a0.s

IRQ118_Handler 00000022

Symbol: IRQ118_Handler
   Definitions
      At line 548 in file startup_hc32f4a0.s
   Uses
      At line 188 in file startup_hc32f4a0.s
      At line 403 in file startup_hc32f4a0.s

IRQ119_Handler 00000022

Symbol: IRQ119_Handler
   Definitions
      At line 549 in file startup_hc32f4a0.s
   Uses
      At line 189 in file startup_hc32f4a0.s



ARM Macro Assembler    Page 20 Alphabetic symbol ordering
Relocatable symbols

      At line 404 in file startup_hc32f4a0.s

IRQ120_Handler 00000022

Symbol: IRQ120_Handler
   Definitions
      At line 550 in file startup_hc32f4a0.s
   Uses
      At line 190 in file startup_hc32f4a0.s
      At line 405 in file startup_hc32f4a0.s

IRQ121_Handler 00000022

Symbol: IRQ121_Handler
   Definitions
      At line 551 in file startup_hc32f4a0.s
   Uses
      At line 191 in file startup_hc32f4a0.s
      At line 406 in file startup_hc32f4a0.s

IRQ122_Handler 00000022

Symbol: IRQ122_Handler
   Definitions
      At line 552 in file startup_hc32f4a0.s
   Uses
      At line 192 in file startup_hc32f4a0.s
      At line 407 in file startup_hc32f4a0.s

IRQ123_Handler 00000022

Symbol: IRQ123_Handler
   Definitions
      At line 553 in file startup_hc32f4a0.s
   Uses
      At line 193 in file startup_hc32f4a0.s
      At line 408 in file startup_hc32f4a0.s

IRQ124_Handler 00000022

Symbol: IRQ124_Handler
   Definitions
      At line 554 in file startup_hc32f4a0.s
   Uses
      At line 194 in file startup_hc32f4a0.s
      At line 409 in file startup_hc32f4a0.s

IRQ125_Handler 00000022

Symbol: IRQ125_Handler
   Definitions
      At line 555 in file startup_hc32f4a0.s
   Uses
      At line 195 in file startup_hc32f4a0.s
      At line 410 in file startup_hc32f4a0.s

IRQ126_Handler 00000022

Symbol: IRQ126_Handler



ARM Macro Assembler    Page 21 Alphabetic symbol ordering
Relocatable symbols

   Definitions
      At line 556 in file startup_hc32f4a0.s
   Uses
      At line 196 in file startup_hc32f4a0.s
      At line 411 in file startup_hc32f4a0.s

IRQ127_Handler 00000022

Symbol: IRQ127_Handler
   Definitions
      At line 557 in file startup_hc32f4a0.s
   Uses
      At line 197 in file startup_hc32f4a0.s
      At line 412 in file startup_hc32f4a0.s

IRQ128_Handler 00000022

Symbol: IRQ128_Handler
   Definitions
      At line 558 in file startup_hc32f4a0.s
   Uses
      At line 198 in file startup_hc32f4a0.s
      At line 413 in file startup_hc32f4a0.s

IRQ129_Handler 00000022

Symbol: IRQ129_Handler
   Definitions
      At line 559 in file startup_hc32f4a0.s
   Uses
      At line 199 in file startup_hc32f4a0.s
      At line 414 in file startup_hc32f4a0.s

IRQ130_Handler 00000022

Symbol: IRQ130_Handler
   Definitions
      At line 560 in file startup_hc32f4a0.s
   Uses
      At line 200 in file startup_hc32f4a0.s
      At line 415 in file startup_hc32f4a0.s

IRQ131_Handler 00000022

Symbol: IRQ131_Handler
   Definitions
      At line 561 in file startup_hc32f4a0.s
   Uses
      At line 201 in file startup_hc32f4a0.s
      At line 416 in file startup_hc32f4a0.s

IRQ132_Handler 00000022

Symbol: IRQ132_Handler
   Definitions
      At line 562 in file startup_hc32f4a0.s
   Uses
      At line 202 in file startup_hc32f4a0.s
      At line 417 in file startup_hc32f4a0.s



ARM Macro Assembler    Page 22 Alphabetic symbol ordering
Relocatable symbols


IRQ133_Handler 00000022

Symbol: IRQ133_Handler
   Definitions
      At line 563 in file startup_hc32f4a0.s
   Uses
      At line 203 in file startup_hc32f4a0.s
      At line 418 in file startup_hc32f4a0.s

IRQ134_Handler 00000022

Symbol: IRQ134_Handler
   Definitions
      At line 564 in file startup_hc32f4a0.s
   Uses
      At line 204 in file startup_hc32f4a0.s
      At line 419 in file startup_hc32f4a0.s

IRQ135_Handler 00000022

Symbol: IRQ135_Handler
   Definitions
      At line 565 in file startup_hc32f4a0.s
   Uses
      At line 205 in file startup_hc32f4a0.s
      At line 420 in file startup_hc32f4a0.s

IRQ136_Handler 00000022

Symbol: IRQ136_Handler
   Definitions
      At line 566 in file startup_hc32f4a0.s
   Uses
      At line 206 in file startup_hc32f4a0.s
      At line 421 in file startup_hc32f4a0.s

IRQ137_Handler 00000022

Symbol: IRQ137_Handler
   Definitions
      At line 567 in file startup_hc32f4a0.s
   Uses
      At line 207 in file startup_hc32f4a0.s
      At line 422 in file startup_hc32f4a0.s

IRQ138_Handler 00000022

Symbol: IRQ138_Handler
   Definitions
      At line 568 in file startup_hc32f4a0.s
   Uses
      At line 208 in file startup_hc32f4a0.s
      At line 423 in file startup_hc32f4a0.s

IRQ139_Handler 00000022

Symbol: IRQ139_Handler
   Definitions



ARM Macro Assembler    Page 23 Alphabetic symbol ordering
Relocatable symbols

      At line 569 in file startup_hc32f4a0.s
   Uses
      At line 209 in file startup_hc32f4a0.s
      At line 424 in file startup_hc32f4a0.s

IRQ140_Handler 00000022

Symbol: IRQ140_Handler
   Definitions
      At line 570 in file startup_hc32f4a0.s
   Uses
      At line 210 in file startup_hc32f4a0.s
      At line 425 in file startup_hc32f4a0.s

IRQ141_Handler 00000022

Symbol: IRQ141_Handler
   Definitions
      At line 571 in file startup_hc32f4a0.s
   Uses
      At line 211 in file startup_hc32f4a0.s
      At line 426 in file startup_hc32f4a0.s

IRQ142_Handler 00000022

Symbol: IRQ142_Handler
   Definitions
      At line 572 in file startup_hc32f4a0.s
   Uses
      At line 212 in file startup_hc32f4a0.s
      At line 427 in file startup_hc32f4a0.s

IRQ143_Handler 00000022

Symbol: IRQ143_Handler
   Definitions
      At line 573 in file startup_hc32f4a0.s
   Uses
      At line 213 in file startup_hc32f4a0.s
      At line 428 in file startup_hc32f4a0.s

MemManage_Handler 00000014

Symbol: MemManage_Handler
   Definitions
      At line 250 in file startup_hc32f4a0.s
   Uses
      At line 56 in file startup_hc32f4a0.s
      At line 251 in file startup_hc32f4a0.s

NMI_Handler 00000010

Symbol: NMI_Handler
   Definitions
      At line 240 in file startup_hc32f4a0.s
   Uses
      At line 54 in file startup_hc32f4a0.s
      At line 241 in file startup_hc32f4a0.s




ARM Macro Assembler    Page 24 Alphabetic symbol ordering
Relocatable symbols

PendSV_Handler 0000001E

Symbol: PendSV_Handler
   Definitions
      At line 274 in file startup_hc32f4a0.s
   Uses
      At line 66 in file startup_hc32f4a0.s
      At line 275 in file startup_hc32f4a0.s

Reset_Handler 00000000

Symbol: Reset_Handler
   Definitions
      At line 223 in file startup_hc32f4a0.s
   Uses
      At line 53 in file startup_hc32f4a0.s
      At line 224 in file startup_hc32f4a0.s

SVC_Handler 0000001A

Symbol: SVC_Handler
   Definitions
      At line 264 in file startup_hc32f4a0.s
   Uses
      At line 63 in file startup_hc32f4a0.s
      At line 265 in file startup_hc32f4a0.s

SysTick_Handler 00000020

Symbol: SysTick_Handler
   Definitions
      At line 279 in file startup_hc32f4a0.s
   Uses
      At line 67 in file startup_hc32f4a0.s
      At line 280 in file startup_hc32f4a0.s

UsageFault_Handler 00000018

Symbol: UsageFault_Handler
   Definitions
      At line 260 in file startup_hc32f4a0.s
   Uses
      At line 58 in file startup_hc32f4a0.s
      At line 261 in file startup_hc32f4a0.s

156 symbols



ARM Macro Assembler    Page 1 Alphabetic symbol ordering
Absolute symbols

Heap_Size 00002000

Symbol: Heap_Size
   Definitions
      At line 35 in file startup_hc32f4a0.s
   Uses
      At line 39 in file startup_hc32f4a0.s
Comment: Heap_Size used once
Stack_Size 00002000

Symbol: Stack_Size
   Definitions
      At line 25 in file startup_hc32f4a0.s
   Uses
      At line 28 in file startup_hc32f4a0.s
Comment: Stack_Size used once
__Vectors_Size 00000280

Symbol: __Vectors_Size
   Definitions
      At line 217 in file startup_hc32f4a0.s
   Uses
      At line 50 in file startup_hc32f4a0.s
Comment: __Vectors_Size used once
3 symbols



ARM Macro Assembler    Page 1 Alphabetic symbol ordering
External symbols

SystemInit 00000000

Symbol: SystemInit
   Definitions
      At line 225 in file startup_hc32f4a0.s
   Uses
      At line 232 in file startup_hc32f4a0.s
Comment: SystemInit used once
__main 00000000

Symbol: __main
   Definitions
      At line 226 in file startup_hc32f4a0.s
   Uses
      At line 234 in file startup_hc32f4a0.s
Comment: __main used once
2 symbols
505 symbols in table
